0 info it worked if it ends with ok
1 verbose cli [ 'C:\\Program Files\\nodejs\\node.exe',
1 verbose cli   'C:\\Program Files\\nodejs\\node_modules\\npm\\bin\\npm-cli.js',
1 verbose cli   'install',
1 verbose cli   'cli-table' ]
2 info using npm@2.15.8
3 info using node@v4.4.7
4 verbose install initial load of C:\Users\marym\Documents\Bootcamp\package.json
5 warn package.json weatherdest@1.0.0 No repository field.
6 verbose installManyTop reading scoped package data from C:\Users\marym\Documents\Bootcamp\node_modules\ajax-request\package.json
7 verbose installManyTop reading scoped package data from C:\Users\marym\Documents\Bootcamp\node_modules\geocoder\package.json
8 verbose installManyTop reading scoped package data from C:\Users\marym\Documents\Bootcamp\node_modules\imdb\package.json
9 verbose installManyTop reading scoped package data from C:\Users\marym\Documents\Bootcamp\node_modules\inquirer\package.json
10 verbose installManyTop reading scoped package data from C:\Users\marym\Documents\Bootcamp\node_modules\jquery\package.json
11 verbose installManyTop reading scoped package data from C:\Users\marym\Documents\Bootcamp\node_modules\json\package.json
12 verbose installManyTop reading scoped package data from C:\Users\marym\Documents\Bootcamp\node_modules\lodash\package.json
13 verbose installManyTop reading scoped package data from C:\Users\marym\Documents\Bootcamp\node_modules\mysql\package.json
14 verbose installManyTop reading scoped package data from C:\Users\marym\Documents\Bootcamp\node_modules\node-geocoder\package.json
15 verbose installManyTop reading scoped package data from C:\Users\marym\Documents\Bootcamp\node_modules\npm-debug.log\package.json
16 verbose installManyTop reading scoped package data from C:\Users\marym\Documents\Bootcamp\node_modules\omdb\package.json
17 verbose installManyTop reading scoped package data from C:\Users\marym\Documents\Bootcamp\node_modules\printf\package.json
18 verbose installManyTop reading scoped package data from C:\Users\marym\Documents\Bootcamp\node_modules\prompt\package.json
19 verbose installManyTop reading scoped package data from C:\Users\marym\Documents\Bootcamp\node_modules\request\package.json
20 verbose installManyTop reading scoped package data from C:\Users\marym\Documents\Bootcamp\node_modules\sax\package.json
21 verbose installManyTop reading scoped package data from C:\Users\marym\Documents\Bootcamp\node_modules\spotifier\package.json
22 verbose installManyTop reading scoped package data from C:\Users\marym\Documents\Bootcamp\node_modules\spotify\package.json
23 verbose installManyTop reading scoped package data from C:\Users\marym\Documents\Bootcamp\node_modules\spotify-web-api-node\package.json
24 verbose installManyTop reading scoped package data from C:\Users\marym\Documents\Bootcamp\node_modules\spotify.js\package.json
25 verbose installManyTop reading scoped package data from C:\Users\marym\Documents\Bootcamp\node_modules\spotify2.js\package.json
26 verbose installManyTop reading scoped package data from C:\Users\marym\Documents\Bootcamp\node_modules\through2\package.json
27 verbose installManyTop reading scoped package data from C:\Users\marym\Documents\Bootcamp\node_modules\twitter\package.json
28 verbose installManyTop reading scoped package data from C:\Users\marym\Documents\Bootcamp\node_modules\underscore\package.json
29 verbose installManyTop reading scoped package data from C:\Users\marym\Documents\Bootcamp\node_modules\util\package.json
30 verbose installManyTop reading scoped package data from C:\Users\marym\Documents\Bootcamp\node_modules\weather-js\package.json
31 verbose installManyTop reading scoped package data from C:\Users\marym\Documents\Bootcamp\node_modules\weather.js\package.json
32 verbose installManyTop reading scoped package data from C:\Users\marym\Documents\Bootcamp\node_modules\xml2js\package.json
33 verbose installManyTop reading scoped package data from C:\Users\marym\Documents\Bootcamp\node_modules\xmlbuilder\package.json
34 info package.json geocoder@0.2.2 license should be a valid SPDX license expression
35 info package.json request@2.11.1 No license field.
36 info package.json underscore@1.3.3 No license field.
37 info package.json xml2js@0.2.0 No license field.
38 info package.json json@9.0.4 No license field.
39 info package.json spotify@0.3.0 No license field.
40 info package.json util@0.10.3 util is also the name of a node core module.
41 verbose readDependencies loading dependencies from C:\Users\marym\Documents\Bootcamp\package.json
42 silly cache add args [ 'cli-table', null ]
43 verbose cache add spec cli-table
44 silly cache add parsed spec Result {
44 silly cache add   raw: 'cli-table',
44 silly cache add   scope: null,
44 silly cache add   name: 'cli-table',
44 silly cache add   rawSpec: '',
44 silly cache add   spec: 'latest',
44 silly cache add   type: 'tag' }
45 silly addNamed cli-table@latest
46 verbose addNamed "latest" is being treated as a dist-tag for cli-table
47 info addNameTag [ 'cli-table', 'latest' ]
48 silly mapToRegistry name cli-table
49 silly mapToRegistry using default registry
50 silly mapToRegistry registry https://registry.npmjs.org/
51 silly mapToRegistry data Result {
51 silly mapToRegistry   raw: 'cli-table',
51 silly mapToRegistry   scope: null,
51 silly mapToRegistry   name: 'cli-table',
51 silly mapToRegistry   rawSpec: '',
51 silly mapToRegistry   spec: 'latest',
51 silly mapToRegistry   type: 'tag' }
52 silly mapToRegistry uri https://registry.npmjs.org/cli-table
53 verbose addNameTag registry:https://registry.npmjs.org/cli-table not in flight; fetching
54 verbose request uri https://registry.npmjs.org/cli-table
55 verbose request no auth needed
56 info attempt registry request try #1 at 4:54:07 PM
57 verbose request id 8230eb746d8df850
58 http request GET https://registry.npmjs.org/cli-table
59 http 200 https://registry.npmjs.org/cli-table
60 verbose headers { server: 'CouchDB/1.5.0 (Erlang OTP/R16B03)',
60 verbose headers   etag: '"24992COYMGZE6JNI8QW4WQDOB"',
60 verbose headers   'content-type': 'application/json',
60 verbose headers   'content-encoding': 'gzip',
60 verbose headers   'cache-control': 'max-age=300',
60 verbose headers   'content-length': '4112',
60 verbose headers   'accept-ranges': 'bytes',
60 verbose headers   date: 'Sun, 09 Oct 2016 20:54:05 GMT',
60 verbose headers   via: '1.1 varnish',
60 verbose headers   age: '188',
60 verbose headers   connection: 'keep-alive',
60 verbose headers   'x-served-by': 'cache-iad2127-IAD',
60 verbose headers   'x-cache': 'HIT',
60 verbose headers   'x-cache-hits': '1',
60 verbose headers   'x-timer': 'S1476046445.052351,VS0,VE0',
60 verbose headers   vary: 'Accept-Encoding' }
61 silly get cb [ 200,
61 silly get   { server: 'CouchDB/1.5.0 (Erlang OTP/R16B03)',
61 silly get     etag: '"24992COYMGZE6JNI8QW4WQDOB"',
61 silly get     'content-type': 'application/json',
61 silly get     'content-encoding': 'gzip',
61 silly get     'cache-control': 'max-age=300',
61 silly get     'content-length': '4112',
61 silly get     'accept-ranges': 'bytes',
61 silly get     date: 'Sun, 09 Oct 2016 20:54:05 GMT',
61 silly get     via: '1.1 varnish',
61 silly get     age: '188',
61 silly get     connection: 'keep-alive',
61 silly get     'x-served-by': 'cache-iad2127-IAD',
61 silly get     'x-cache': 'HIT',
61 silly get     'x-cache-hits': '1',
61 silly get     'x-timer': 'S1476046445.052351,VS0,VE0',
61 silly get     vary: 'Accept-Encoding' } ]
62 verbose get saving cli-table to C:\Users\marym\AppData\Roaming\npm-cache\registry.npmjs.org\cli-table\.cache.json
63 verbose correctMkdir C:\Users\marym\AppData\Roaming\npm-cache correctMkdir not in flight; initializing
64 silly addNameTag next cb for cli-table with tag latest
65 silly addNamed cli-table@0.3.1
66 verbose addNamed "0.3.1" is a plain semver version for cli-table
67 silly mapToRegistry name cli-table
68 silly mapToRegistry using default registry
69 silly mapToRegistry registry https://registry.npmjs.org/
70 silly mapToRegistry data Result {
70 silly mapToRegistry   raw: 'cli-table',
70 silly mapToRegistry   scope: null,
70 silly mapToRegistry   name: 'cli-table',
70 silly mapToRegistry   rawSpec: '',
70 silly mapToRegistry   spec: 'latest',
70 silly mapToRegistry   type: 'tag' }
71 silly mapToRegistry uri https://registry.npmjs.org/cli-table
72 verbose addRemoteTarball https://registry.npmjs.org/cli-table/-/cli-table-0.3.1.tgz not in flight; adding
73 verbose addRemoteTarball [ 'https://registry.npmjs.org/cli-table/-/cli-table-0.3.1.tgz',
73 verbose addRemoteTarball   'f53b05266a8b1a0b934b3d0821e6e2dc5914ae23' ]
74 info retry fetch attempt 1 at 4:54:08 PM
75 info attempt registry request try #1 at 4:54:08 PM
76 http fetch GET https://registry.npmjs.org/cli-table/-/cli-table-0.3.1.tgz
77 http fetch 200 https://registry.npmjs.org/cli-table/-/cli-table-0.3.1.tgz
78 silly fetchAndShaCheck shasum f53b05266a8b1a0b934b3d0821e6e2dc5914ae23
79 verbose addTmpTarball C:\Users\marym\AppData\Local\Temp\npm-7160-4f384f92\registry.npmjs.org\cli-table\-\cli-table-0.3.1.tgz not in flight; adding
80 verbose addTmpTarball already have metadata; skipping unpack for cli-table@0.3.1
81 verbose correctMkdir C:\Users\marym\AppData\Roaming\npm-cache correctMkdir not in flight; initializing
82 silly cache afterAdd cli-table@0.3.1
83 verbose afterAdd C:\Users\marym\AppData\Roaming\npm-cache\cli-table\0.3.1\package\package.json not in flight; writing
84 verbose correctMkdir C:\Users\marym\AppData\Roaming\npm-cache correctMkdir not in flight; initializing
85 verbose afterAdd C:\Users\marym\AppData\Roaming\npm-cache\cli-table\0.3.1\package\package.json written
86 silly install resolved [ { name: 'cli-table',
86 silly install resolved     description: 'Pretty unicode tables for the CLI',
86 silly install resolved     version: '0.3.1',
86 silly install resolved     author: { name: 'Guillermo Rauch', email: 'guillermo@learnboost.com' },
86 silly install resolved     contributors: [ [Object] ],
86 silly install resolved     repository:
86 silly install resolved      { type: 'git',
86 silly install resolved        url: 'https://github.com/Automattic/cli-table.git' },
86 silly install resolved     keywords: [ 'cli', 'colors', 'table' ],
86 silly install resolved     dependencies: { colors: '1.0.3' },
86 silly install resolved     devDependencies: { expresso: '~0.9', should: '~0.6' },
86 silly install resolved     main: 'lib',
86 silly install resolved     files: [ 'lib' ],
86 silly install resolved     scripts: { test: 'make test' },
86 silly install resolved     engines: { node: '>= 0.2.0' },
86 silly install resolved     gitHead: 'e35ccee7341e8574839df751a8aa10acd5a82a5b',
86 silly install resolved     bugs: { url: 'https://github.com/Automattic/cli-table/issues' },
86 silly install resolved     homepage: 'https://github.com/Automattic/cli-table',
86 silly install resolved     _id: 'cli-table@0.3.1',
86 silly install resolved     _shasum: 'f53b05266a8b1a0b934b3d0821e6e2dc5914ae23',
86 silly install resolved     _from: 'cli-table@latest',
86 silly install resolved     _npmVersion: '1.4.21',
86 silly install resolved     _npmUser: { name: 'rauchg', email: 'rauchg@gmail.com' },
86 silly install resolved     maintainers: [ [Object] ],
86 silly install resolved     dist:
86 silly install resolved      { shasum: 'f53b05266a8b1a0b934b3d0821e6e2dc5914ae23',
86 silly install resolved        tarball: 'https://registry.npmjs.org/cli-table/-/cli-table-0.3.1.tgz' },
86 silly install resolved     directories: {},
86 silly install resolved     _resolved: 'https://registry.npmjs.org/cli-table/-/cli-table-0.3.1.tgz' } ]
87 info install cli-table@0.3.1 into C:\Users\marym\Documents\Bootcamp
88 info installOne cli-table@0.3.1
89 verbose installOne of cli-table to C:\Users\marym\Documents\Bootcamp not in flight; installing
90 verbose correctMkdir C:\Users\marym\AppData\Roaming\npm-cache\_locks correctMkdir not in flight; initializing
91 verbose lock using C:\Users\marym\AppData\Roaming\npm-cache\_locks\cli-table-5afc7052262a715d.lock for C:\Users\marym\Documents\Bootcamp\node_modules\cli-table
92 silly install write writing cli-table 0.3.1 to C:\Users\marym\Documents\Bootcamp\node_modules\cli-table
93 verbose unbuild node_modules\cli-table
94 silly gentlyRm C:\Users\marym\Documents\Bootcamp\node_modules\cli-table is being purged from base C:\Users\marym\Documents\Bootcamp
95 verbose gentlyRm don't care about contents; nuking C:\Users\marym\Documents\Bootcamp\node_modules\cli-table
96 verbose tar unpack C:\Users\marym\AppData\Roaming\npm-cache\cli-table\0.3.1\package.tgz
97 verbose tar unpacking to C:\Users\marym\Documents\Bootcamp\node_modules\cli-table
98 silly gentlyRm C:\Users\marym\Documents\Bootcamp\node_modules\cli-table is being purged
99 verbose gentlyRm don't care about contents; nuking C:\Users\marym\Documents\Bootcamp\node_modules\cli-table
100 silly gunzTarPerm modes [ '777', '666' ]
101 silly gunzTarPerm extractEntry package.json
102 silly gunzTarPerm modified mode [ 'package.json', 420, 438 ]
103 silly gunzTarPerm extractEntry README.md
104 silly gunzTarPerm modified mode [ 'README.md', 420, 438 ]
105 silly gunzTarPerm extractEntry lib/index.js
106 silly gunzTarPerm modified mode [ 'lib/index.js', 420, 438 ]
107 silly gunzTarPerm extractEntry lib/utils.js
108 silly gunzTarPerm modified mode [ 'lib/utils.js', 420, 438 ]
109 verbose write writing to C:\Users\marym\Documents\Bootcamp\node_modules\cli-table\package.json
110 info preinstall cli-table@0.3.1
111 verbose readDependencies loading dependencies from C:\Users\marym\Documents\Bootcamp\node_modules\cli-table\package.json
112 silly prepareForInstallMany adding colors@1.0.3 from cli-table dependencies
113 verbose readDependencies loading dependencies from C:\Users\marym\Documents\Bootcamp\node_modules\cli-table\package.json
114 silly cache add args [ 'colors@1.0.3', null ]
115 verbose cache add spec colors@1.0.3
116 silly cache add parsed spec Result {
116 silly cache add   raw: 'colors@1.0.3',
116 silly cache add   scope: null,
116 silly cache add   name: 'colors',
116 silly cache add   rawSpec: '1.0.3',
116 silly cache add   spec: '1.0.3',
116 silly cache add   type: 'version' }
117 silly addNamed colors@1.0.3
118 verbose addNamed "1.0.3" is a plain semver version for colors
119 silly mapToRegistry name colors
120 silly mapToRegistry using default registry
121 silly mapToRegistry registry https://registry.npmjs.org/
122 silly mapToRegistry data Result {
122 silly mapToRegistry   raw: 'colors',
122 silly mapToRegistry   scope: null,
122 silly mapToRegistry   name: 'colors',
122 silly mapToRegistry   rawSpec: '',
122 silly mapToRegistry   spec: 'latest',
122 silly mapToRegistry   type: 'tag' }
123 silly mapToRegistry uri https://registry.npmjs.org/colors
124 verbose addNameVersion registry:https://registry.npmjs.org/colors not in flight; fetching
125 verbose request uri https://registry.npmjs.org/colors
126 verbose request no auth needed
127 info attempt registry request try #1 at 4:54:08 PM
128 verbose etag "3AV3V8ET5GSL7V4N66ALBB0PC"
129 http request GET https://registry.npmjs.org/colors
130 http 200 https://registry.npmjs.org/colors
131 verbose headers { server: 'CouchDB/1.5.0 (Erlang OTP/R16B03)',
131 verbose headers   etag: '"8EQT7RWZXXMG028CJGD70RL5F"',
131 verbose headers   'content-type': 'application/json',
131 verbose headers   'content-encoding': 'gzip',
131 verbose headers   'cache-control': 'max-age=300',
131 verbose headers   'content-length': '6232',
131 verbose headers   'accept-ranges': 'bytes',
131 verbose headers   date: 'Sun, 09 Oct 2016 20:54:05 GMT',
131 verbose headers   via: '1.1 varnish',
131 verbose headers   age: '135',
131 verbose headers   connection: 'keep-alive',
131 verbose headers   'x-served-by': 'cache-iad2127-IAD',
131 verbose headers   'x-cache': 'HIT',
131 verbose headers   'x-cache-hits': '3',
131 verbose headers   'x-timer': 'S1476046445.401687,VS0,VE0',
131 verbose headers   vary: 'Accept-Encoding' }
132 silly get cb [ 200,
132 silly get   { server: 'CouchDB/1.5.0 (Erlang OTP/R16B03)',
132 silly get     etag: '"8EQT7RWZXXMG028CJGD70RL5F"',
132 silly get     'content-type': 'application/json',
132 silly get     'content-encoding': 'gzip',
132 silly get     'cache-control': 'max-age=300',
132 silly get     'content-length': '6232',
132 silly get     'accept-ranges': 'bytes',
132 silly get     date: 'Sun, 09 Oct 2016 20:54:05 GMT',
132 silly get     via: '1.1 varnish',
132 silly get     age: '135',
132 silly get     connection: 'keep-alive',
132 silly get     'x-served-by': 'cache-iad2127-IAD',
132 silly get     'x-cache': 'HIT',
132 silly get     'x-cache-hits': '3',
132 silly get     'x-timer': 'S1476046445.401687,VS0,VE0',
132 silly get     vary: 'Accept-Encoding' } ]
133 verbose get saving colors to C:\Users\marym\AppData\Roaming\npm-cache\registry.npmjs.org\colors\.cache.json
134 verbose correctMkdir C:\Users\marym\AppData\Roaming\npm-cache correctMkdir not in flight; initializing
135 silly mapToRegistry name colors
136 silly mapToRegistry using default registry
137 silly mapToRegistry registry https://registry.npmjs.org/
138 silly mapToRegistry data Result {
138 silly mapToRegistry   raw: 'colors',
138 silly mapToRegistry   scope: null,
138 silly mapToRegistry   name: 'colors',
138 silly mapToRegistry   rawSpec: '',
138 silly mapToRegistry   spec: 'latest',
138 silly mapToRegistry   type: 'tag' }
139 silly mapToRegistry uri https://registry.npmjs.org/colors
140 verbose addRemoteTarball https://registry.npmjs.org/colors/-/colors-1.0.3.tgz not in flight; adding
141 verbose addRemoteTarball [ 'https://registry.npmjs.org/colors/-/colors-1.0.3.tgz',
141 verbose addRemoteTarball   '0433f44d809680fdeb60ed260f1b0c262e82a40b' ]
142 info retry fetch attempt 1 at 4:54:08 PM
143 info attempt registry request try #1 at 4:54:08 PM
144 http fetch GET https://registry.npmjs.org/colors/-/colors-1.0.3.tgz
145 http fetch 200 https://registry.npmjs.org/colors/-/colors-1.0.3.tgz
146 silly fetchAndShaCheck shasum 0433f44d809680fdeb60ed260f1b0c262e82a40b
147 verbose addTmpTarball C:\Users\marym\AppData\Local\Temp\npm-7160-4f384f92\registry.npmjs.org\colors\-\colors-1.0.3.tgz not in flight; adding
148 verbose addTmpTarball already have metadata; skipping unpack for colors@1.0.3
149 verbose correctMkdir C:\Users\marym\AppData\Roaming\npm-cache correctMkdir not in flight; initializing
150 silly cache afterAdd colors@1.0.3
151 verbose afterAdd C:\Users\marym\AppData\Roaming\npm-cache\colors\1.0.3\package\package.json not in flight; writing
152 verbose correctMkdir C:\Users\marym\AppData\Roaming\npm-cache correctMkdir not in flight; initializing
153 verbose afterAdd C:\Users\marym\AppData\Roaming\npm-cache\colors\1.0.3\package\package.json written
154 silly install resolved [ { name: 'colors',
154 silly install resolved     description: 'get colors in your node.js console',
154 silly install resolved     version: '1.0.3',
154 silly install resolved     author: { name: 'Marak Squires' },
154 silly install resolved     homepage: 'https://github.com/Marak/colors.js',
154 silly install resolved     bugs: { url: 'https://github.com/Marak/colors.js/issues' },
154 silly install resolved     keywords: [ 'ansi', 'terminal', 'colors' ],
154 silly install resolved     repository: { type: 'git', url: 'http://github.com/Marak/colors.js.git' },
154 silly install resolved     license: 'MIT',
154 silly install resolved     scripts: { test: 'node tests/basic-test.js && node tests/safe-test.js' },
154 silly install resolved     engines: { node: '>=0.1.90' },
154 silly install resolved     main: './lib/index',
154 silly install resolved     gitHead: 'e9e6557cc0fa26dba1a20b0d45e92de982f4047c',
154 silly install resolved     _id: 'colors@1.0.3',
154 silly install resolved     _shasum: '0433f44d809680fdeb60ed260f1b0c262e82a40b',
154 silly install resolved     _from: 'colors@1.0.3',
154 silly install resolved     _npmVersion: '2.0.2',
154 silly install resolved     _nodeVersion: '0.11.13',
154 silly install resolved     _npmUser: { name: 'marak', email: 'marak.squires@gmail.com' },
154 silly install resolved     maintainers: [ [Object] ],
154 silly install resolved     dist:
154 silly install resolved      { shasum: '0433f44d809680fdeb60ed260f1b0c262e82a40b',
154 silly install resolved        tarball: 'https://registry.npmjs.org/colors/-/colors-1.0.3.tgz' },
154 silly install resolved     directories: {},
154 silly install resolved     _resolved: 'https://registry.npmjs.org/colors/-/colors-1.0.3.tgz' } ]
155 info install colors@1.0.3 into C:\Users\marym\Documents\Bootcamp\node_modules\cli-table
156 info installOne colors@1.0.3
157 verbose installOne of colors to C:\Users\marym\Documents\Bootcamp\node_modules\cli-table not in flight; installing
158 verbose correctMkdir C:\Users\marym\AppData\Roaming\npm-cache\_locks correctMkdir not in flight; initializing
159 verbose lock using C:\Users\marym\AppData\Roaming\npm-cache\_locks\colors-ff0ff2b7eaf1591a.lock for C:\Users\marym\Documents\Bootcamp\node_modules\cli-table\node_modules\colors
160 silly install write writing colors 1.0.3 to C:\Users\marym\Documents\Bootcamp\node_modules\cli-table\node_modules\colors
161 verbose unbuild node_modules\cli-table\node_modules\colors
162 silly gentlyRm C:\Users\marym\Documents\Bootcamp\node_modules\cli-table\node_modules\colors is being purged from base C:\Users\marym\Documents\Bootcamp
163 verbose gentlyRm don't care about contents; nuking C:\Users\marym\Documents\Bootcamp\node_modules\cli-table\node_modules\colors
164 verbose tar unpack C:\Users\marym\AppData\Roaming\npm-cache\colors\1.0.3\package.tgz
165 verbose tar unpacking to C:\Users\marym\Documents\Bootcamp\node_modules\cli-table\node_modules\colors
166 silly gentlyRm C:\Users\marym\Documents\Bootcamp\node_modules\cli-table\node_modules\colors is being purged
167 verbose gentlyRm don't care about contents; nuking C:\Users\marym\Documents\Bootcamp\node_modules\cli-table\node_modules\colors
168 silly gunzTarPerm modes [ '777', '666' ]
169 silly gunzTarPerm extractEntry package.json
170 silly gunzTarPerm modified mode [ 'package.json', 420, 438 ]
171 silly gunzTarPerm extractEntry safe.js
172 silly gunzTarPerm modified mode [ 'safe.js', 420, 438 ]
173 silly gunzTarPerm extractEntry .travis.yml
174 silly gunzTarPerm modified mode [ '.travis.yml', 420, 438 ]
175 silly gunzTarPerm extractEntry MIT-LICENSE.txt
176 silly gunzTarPerm modified mode [ 'MIT-LICENSE.txt', 420, 438 ]
177 silly gunzTarPerm extractEntry ReadMe.md
178 silly gunzTarPerm modified mode [ 'ReadMe.md', 420, 438 ]
179 silly gunzTarPerm extractEntry examples/normal-usage.js
180 silly gunzTarPerm modified mode [ 'examples/normal-usage.js', 420, 438 ]
181 silly gunzTarPerm extractEntry examples/safe-string.js
182 silly gunzTarPerm modified mode [ 'examples/safe-string.js', 420, 438 ]
183 silly gunzTarPerm extractEntry lib/colors.js
184 silly gunzTarPerm modified mode [ 'lib/colors.js', 420, 438 ]
185 silly gunzTarPerm extractEntry lib/extendStringPrototype.js
186 silly gunzTarPerm modified mode [ 'lib/extendStringPrototype.js', 420, 438 ]
187 silly gunzTarPerm extractEntry lib/index.js
188 silly gunzTarPerm modified mode [ 'lib/index.js', 420, 438 ]
189 silly gunzTarPerm extractEntry lib/styles.js
190 silly gunzTarPerm modified mode [ 'lib/styles.js', 420, 438 ]
191 silly gunzTarPerm extractEntry lib/custom/trap.js
192 silly gunzTarPerm modified mode [ 'lib/custom/trap.js', 420, 438 ]
193 silly gunzTarPerm extractEntry lib/custom/zalgo.js
194 silly gunzTarPerm modified mode [ 'lib/custom/zalgo.js', 420, 438 ]
195 silly gunzTarPerm extractEntry lib/maps/america.js
196 silly gunzTarPerm modified mode [ 'lib/maps/america.js', 420, 438 ]
197 silly gunzTarPerm extractEntry lib/maps/rainbow.js
198 silly gunzTarPerm modified mode [ 'lib/maps/rainbow.js', 420, 438 ]
199 silly gunzTarPerm extractEntry lib/maps/random.js
200 silly gunzTarPerm modified mode [ 'lib/maps/random.js', 420, 438 ]
201 silly gunzTarPerm extractEntry lib/maps/zebra.js
202 silly gunzTarPerm modified mode [ 'lib/maps/zebra.js', 420, 438 ]
203 silly gunzTarPerm extractEntry lib/system/supports-colors.js
204 silly gunzTarPerm modified mode [ 'lib/system/supports-colors.js', 420, 438 ]
205 silly gunzTarPerm extractEntry screenshots/colors.png
206 silly gunzTarPerm modified mode [ 'screenshots/colors.png', 420, 438 ]
207 silly gunzTarPerm extractEntry tests/basic-test.js
208 silly gunzTarPerm modified mode [ 'tests/basic-test.js', 420, 438 ]
209 silly gunzTarPerm extractEntry tests/safe-test.js
210 silly gunzTarPerm modified mode [ 'tests/safe-test.js', 420, 438 ]
211 silly gunzTarPerm extractEntry themes/generic-logging.js
212 silly gunzTarPerm modified mode [ 'themes/generic-logging.js', 420, 438 ]
213 verbose write writing to C:\Users\marym\Documents\Bootcamp\node_modules\cli-table\node_modules\colors\package.json
214 info preinstall colors@1.0.3
215 verbose readDependencies loading dependencies from C:\Users\marym\Documents\Bootcamp\node_modules\cli-table\node_modules\colors\package.json
216 verbose readDependencies loading dependencies from C:\Users\marym\Documents\Bootcamp\node_modules\cli-table\node_modules\colors\package.json
217 silly install resolved []
218 verbose about to build C:\Users\marym\Documents\Bootcamp\node_modules\cli-table\node_modules\colors
219 info build C:\Users\marym\Documents\Bootcamp\node_modules\cli-table\node_modules\colors
220 info linkStuff colors@1.0.3
221 silly linkStuff colors@1.0.3 has C:\Users\marym\Documents\Bootcamp\node_modules\cli-table\node_modules as its parent node_modules
222 verbose linkBins colors@1.0.3
223 verbose linkMans colors@1.0.3
224 verbose rebuildBundles colors@1.0.3
225 info install colors@1.0.3
226 info postinstall colors@1.0.3
227 verbose unlock done using C:\Users\marym\AppData\Roaming\npm-cache\_locks\colors-ff0ff2b7eaf1591a.lock for C:\Users\marym\Documents\Bootcamp\node_modules\cli-table\node_modules\colors
228 verbose about to build C:\Users\marym\Documents\Bootcamp\node_modules\cli-table
229 info build C:\Users\marym\Documents\Bootcamp\node_modules\cli-table
230 info linkStuff cli-table@0.3.1
231 silly linkStuff cli-table@0.3.1 has C:\Users\marym\Documents\Bootcamp\node_modules as its parent node_modules
232 verbose linkBins cli-table@0.3.1
233 verbose linkMans cli-table@0.3.1
234 verbose rebuildBundles cli-table@0.3.1
235 verbose rebuildBundles [ 'colors' ]
236 info install cli-table@0.3.1
237 info postinstall cli-table@0.3.1
238 verbose unlock done using C:\Users\marym\AppData\Roaming\npm-cache\_locks\cli-table-5afc7052262a715d.lock for C:\Users\marym\Documents\Bootcamp\node_modules\cli-table
239 verbose validateInstall loading C:\Users\marym\Documents\Bootcamp\package.json for validation
240 warn unmet dependency C:\Users\marym\Documents\Bootcamp\node_modules\node-geocoder requires request@'^2.74.0' but will load
240 warn unmet dependency C:\Users\marym\Documents\Bootcamp\node_modules\request,
240 warn unmet dependency which is version 2.11.1
241 verbose stack Error: The package request@2.11.1 does not satisfy its siblings' peerDependencies requirements!
241 verbose stack     at C:\Program Files\nodejs\node_modules\npm\lib\install.js:125:32
241 verbose stack     at C:\Program Files\nodejs\node_modules\npm\lib\install.js:268:7
241 verbose stack     at C:\Program Files\nodejs\node_modules\npm\node_modules\read-installed\read-installed.js:142:5
241 verbose stack     at C:\Program Files\nodejs\node_modules\npm\node_modules\read-installed\read-installed.js:263:14
241 verbose stack     at cb (C:\Program Files\nodejs\node_modules\npm\node_modules\slide\lib\async-map.js:47:24)
241 verbose stack     at C:\Program Files\nodejs\node_modules\npm\node_modules\read-installed\read-installed.js:263:14
241 verbose stack     at cb (C:\Program Files\nodejs\node_modules\npm\node_modules\slide\lib\async-map.js:47:24)
241 verbose stack     at C:\Program Files\nodejs\node_modules\npm\node_modules\read-installed\read-installed.js:263:14
241 verbose stack     at cb (C:\Program Files\nodejs\node_modules\npm\node_modules\slide\lib\async-map.js:47:24)
241 verbose stack     at C:\Program Files\nodejs\node_modules\npm\node_modules\read-installed\read-installed.js:263:14
242 verbose cwd C:\Users\marym\Documents\Bootcamp\Homework-Assignments\Bamazon
243 error Windows_NT 10.0.14393
244 error argv "C:\\Program Files\\nodejs\\node.exe" "C:\\Program Files\\nodejs\\node_modules\\npm\\bin\\npm-cli.js" "install" "cli-table"
245 error node v4.4.7
246 error npm  v2.15.8
247 error code EPEERINVALID
248 error peerinvalid The package request@2.11.1 does not satisfy its siblings' peerDependencies requirements!
249 verbose exit [ 1, true ]
